<?xml version="1.0" encoding="UTF-8"?>
<robot generator="Robot 4.1.3 (Python 3.10.2 on win32)" generated="20220208 17:16:26.162" rpa="false" schemaversion="2">
<suite id="s1" name="Oranage Hrm Suite" source="D:\robotframework\selenium_suite\oranage_hrm_suite.robot">
<test id="s1-t1" name="TC1 Valid Login">
<kw name="Open Browser" library="SeleniumLibrary">
<arg>url=https://opensource-demo.orangehrmlive.com/</arg>
<arg>browser=chrome</arg>
<arg>executable_path=${EXECDIR}\\drivers\\chromedriver</arg>
<doc>Opens a new browser instance to the optional ``url``.</doc>
<msg timestamp="20220208 17:16:26.374" level="INFO">Opening browser 'chrome' to base url 'https://opensource-demo.orangehrmlive.com/'.</msg>
<status status="PASS" starttime="20220208 17:16:26.373" endtime="20220208 17:16:38.983"/>
</kw>
<kw name="Input Text" library="SeleniumLibrary">
<arg>id=txtUsername</arg>
<arg>Admin</arg>
<doc>Types the given ``text`` into the text field identified by ``locator``.</doc>
<msg timestamp="20220208 17:16:38.986" level="INFO">Typing text 'Admin' into text field 'id=txtUsername'.</msg>
<status status="PASS" starttime="20220208 17:16:38.984" endtime="20220208 17:16:39.130"/>
</kw>
<kw name="Input Password" library="SeleniumLibrary">
<arg>id=txtPassword</arg>
<arg>admin123</arg>
<doc>Types the given password into the text field identified by ``locator``.</doc>
<msg timestamp="20220208 17:16:39.130" level="INFO">Typing password into text field 'id=txtPassword'.</msg>
<msg timestamp="20220208 17:16:39.169" level="INFO">Temporally setting log level to: NONE</msg>
<msg timestamp="20220208 17:16:39.226" level="INFO">Log level changed from NONE to INFO.</msg>
<status status="PASS" starttime="20220208 17:16:39.130" endtime="20220208 17:16:39.226"/>
</kw>
<kw name="Click Element" library="SeleniumLibrary">
<arg>name=Submit</arg>
<doc>Click the element identified by ``locator``.</doc>
<msg timestamp="20220208 17:16:39.228" level="INFO">Clicking element 'name=Submit'.</msg>
<status status="PASS" starttime="20220208 17:16:39.227" endtime="20220208 17:16:47.949"/>
</kw>
<kw name="Click Element" library="SeleniumLibrary">
<arg>welcome</arg>
<doc>Click the element identified by ``locator``.</doc>
<msg timestamp="20220208 17:16:47.950" level="INFO">Clicking element 'welcome'.</msg>
<status status="PASS" starttime="20220208 17:16:47.950" endtime="20220208 17:16:47.999"/>
</kw>
<kw name="Sleep" library="BuiltIn">
<arg>5s</arg>
<doc>Pauses the test executed for the given time.</doc>
<msg timestamp="20220208 17:16:53.016" level="INFO">Slept 5 seconds</msg>
<status status="PASS" starttime="20220208 17:16:48.000" endtime="20220208 17:16:53.016"/>
</kw>
<kw name="Get Location" library="SeleniumLibrary">
<var>${url}</var>
<doc>Returns the current browser window URL.</doc>
<msg timestamp="20220208 17:16:53.051" level="INFO">${url} = https://opensource-demo.orangehrmlive.com/index.php/dashboard</msg>
<status status="PASS" starttime="20220208 17:16:53.046" endtime="20220208 17:16:53.051"/>
</kw>
<kw name="Log To Console" library="BuiltIn">
<arg>${url}</arg>
<doc>Logs the given message to the console.</doc>
<status status="PASS" starttime="20220208 17:16:53.051" endtime="20220208 17:16:53.051"/>
</kw>
<kw name="Click Element" library="SeleniumLibrary">
<arg>link=Logout</arg>
<doc>Click the element identified by ``locator``.</doc>
<msg timestamp="20220208 17:16:53.052" level="INFO">Clicking element 'link=Logout'.</msg>
<status status="PASS" starttime="20220208 17:16:53.051" endtime="20220208 17:16:54.407"/>
</kw>
<kw name="Close Browser" library="SeleniumLibrary">
<doc>Closes the current browser.</doc>
<status status="PASS" starttime="20220208 17:16:54.408" endtime="20220208 17:16:56.740"/>
</kw>
<status status="PASS" starttime="20220208 17:16:26.373" endtime="20220208 17:16:56.740"/>
</test>
<status status="PASS" starttime="20220208 17:16:26.164" endtime="20220208 17:16:56.745"/>
</suite>
<statistics>
<total>
<stat pass="1" fail="0" skip="0">All Tests</stat>
</total>
<tag>
</tag>
<suite>
<stat pass="1" fail="0" skip="0" id="s1" name="Oranage Hrm Suite">Oranage Hrm Suite</stat>
</suite>
</statistics>
<errors>
</errors>
</robot>
