<?xml version="1.0" encoding="UTF-8"?>
<robot generator="Robot 4.1.3 (Python 3.10.2 on win32)" generated="20220209 12:25:21.313" rpa="false" schemaversion="2">
<suite id="s1" name="Openemr Suite" source="D:\robotframework\selenium_suite\openemr_suite.robot">
<test id="s1-t1" name="TC1 Valid Login">
<kw name="Open Browser" library="SeleniumLibrary">
<arg>url=https://demo.openemr.io/b/openemr/index.php</arg>
<arg>browser=chrome</arg>
<arg>executable_path=${EXECDIR}\\drivers\\chromedriver</arg>
<doc>Opens a new browser instance to the optional ``url``.</doc>
<msg timestamp="20220209 12:25:21.498" level="INFO">Opening browser 'chrome' to base url 'https://demo.openemr.io/b/openemr/index.php'.</msg>
<status status="PASS" starttime="20220209 12:25:21.498" endtime="20220209 12:25:27.926"/>
</kw>
<kw name="Maximize Browser Window" library="SeleniumLibrary">
<doc>Maximizes current browser window.</doc>
<status status="PASS" starttime="20220209 12:25:27.927" endtime="20220209 12:25:28.048"/>
</kw>
<kw name="Set Selenium Implicit Wait" library="SeleniumLibrary">
<arg>30s</arg>
<doc>Sets the implicit wait value used by Selenium.</doc>
<status status="PASS" starttime="20220209 12:25:28.050" endtime="20220209 12:25:28.053"/>
</kw>
<kw name="Input Text" library="SeleniumLibrary">
<arg>id=authUser</arg>
<arg>admin</arg>
<doc>Types the given ``text`` into the text field identified by ``locator``.</doc>
<msg timestamp="20220209 12:25:28.053" level="INFO">Typing text 'admin' into text field 'id=authUser'.</msg>
<status status="PASS" starttime="20220209 12:25:28.053" endtime="20220209 12:25:28.142"/>
</kw>
<kw name="Input Password" library="SeleniumLibrary">
<arg>id=clearPass</arg>
<arg>pass</arg>
<doc>Types the given password into the text field identified by ``locator``.</doc>
<msg timestamp="20220209 12:25:28.143" level="INFO">Typing password into text field 'id=clearPass'.</msg>
<msg timestamp="20220209 12:25:28.178" level="INFO">Temporally setting log level to: NONE</msg>
<msg timestamp="20220209 12:25:28.212" level="INFO">Log level changed from NONE to INFO.</msg>
<status status="PASS" starttime="20220209 12:25:28.143" endtime="20220209 12:25:28.212"/>
</kw>
<kw name="Select From List By Label" library="SeleniumLibrary">
<arg>name=languageChoice</arg>
<arg>English (Indian)</arg>
<doc>Selects options from selection list ``locator`` by ``labels``.</doc>
<msg timestamp="20220209 12:25:28.214" level="INFO">Selecting options from selection list 'name=languageChoice' by label English (Indian).</msg>
<status status="PASS" starttime="20220209 12:25:28.213" endtime="20220209 12:25:28.268"/>
</kw>
<kw name="Click Element" library="SeleniumLibrary">
<arg>xpath=//button[@type='submit']</arg>
<doc>Click the element identified by ``locator``.</doc>
<msg timestamp="20220209 12:25:28.268" level="INFO">Clicking element 'xpath=//button[@type='submit']'.</msg>
<status status="PASS" starttime="20220209 12:25:28.268" endtime="20220209 12:25:32.147"/>
</kw>
<kw name="Get Title" library="SeleniumLibrary">
<var>${title}</var>
<doc>Returns the title of the current page.</doc>
<msg timestamp="20220209 12:25:32.153" level="INFO">${title} = OpenEMR</msg>
<status status="PASS" starttime="20220209 12:25:32.148" endtime="20220209 12:25:32.153"/>
</kw>
<kw name="Log To Console" library="BuiltIn">
<arg>${title}</arg>
<doc>Logs the given message to the console.</doc>
<status status="PASS" starttime="20220209 12:25:32.153" endtime="20220209 12:25:32.154"/>
</kw>
<kw name="Title Should Be" library="SeleniumLibrary">
<arg>OpenEMR</arg>
<doc>Verifies that the current page title equals ``title``.</doc>
<msg timestamp="20220209 12:25:32.158" level="INFO">Page title is 'OpenEMR'.</msg>
<status status="PASS" starttime="20220209 12:25:32.154" endtime="20220209 12:25:32.158"/>
</kw>
<kw name="Close Browser" library="SeleniumLibrary">
<doc>Closes the current browser.</doc>
<status status="PASS" starttime="20220209 12:25:32.159" endtime="20220209 12:25:34.372"/>
</kw>
<status status="PASS" starttime="20220209 12:25:21.497" endtime="20220209 12:25:34.374"/>
</test>
<status status="PASS" starttime="20220209 12:25:21.315" endtime="20220209 12:25:34.378"/>
</suite>
<statistics>
<total>
<stat pass="1" fail="0" skip="0">All Tests</stat>
</total>
<tag>
</tag>
<suite>
<stat pass="1" fail="0" skip="0" id="s1" name="Openemr Suite">Openemr Suite</stat>
</suite>
</statistics>
<errors>
</errors>
</robot>
